<?xml version="1.0" encoding="UTF-8"?>
<!-- Generated by org.testng.reporters.JUnitReportReporter -->
<testsuite skipped="0" hostname="Toshiba-PC" name="TestEclipse.TestSearch.RunnerTest" tests="1" failures="0" timestamp="24 oct 2018 15:07:52 GMT" time="82.803" errors="0">
  <testcase name="test" time="82.803" classname="TestEclipse.TestSearch.RunnerTest"/>
</testsuite> <!-- TestEclipse.TestSearch.RunnerTest -->
